Log file open, 04/03/22 20:59:08
LogWindows: Failed to load 'aqProf.dll' (GetLastError=126)
LogWindows: File 'aqProf.dll' does not exist
LogWindows: Failed to load 'VtuneApi.dll' (GetLastError=126)
LogWindows: File 'VtuneApi.dll' does not exist
LogWindows: Failed to load 'VtuneApi32e.dll' (GetLastError=126)
LogWindows: File 'VtuneApi32e.dll' does not exist
LogConsoleResponse: Display: Failed to find resolution value strings in scalability ini. Falling back to default.
LogConsoleResponse: Display: Failed to find resolution value strings in scalability ini. Falling back to default.
LogInit: Display: Running engine for game: UnrealProject
LogPlatformFile: Not using cached read wrapper
LogTaskGraph: Started task graph with 5 named threads and 23 total threads with 3 sets of task threads.
LogStats: Stats thread started at 3.347872
LogICUInternationalization: ICU TimeZone Detection - Raw Offset: -5:00, Platform Override: ''
LogInit: Display: Loading text-based GConfig....
LogPluginManager: Mounting plugin MeshPainting
LogPluginManager: Mounting plugin XGEController
LogPluginManager: Mounting plugin Paper2D
LogPluginManager: Mounting plugin AISupport
LogPluginManager: Mounting plugin EnvironmentQueryEditor
LogPluginManager: Mounting plugin LightPropagationVolume
LogPluginManager: Mounting plugin LiveLink
LogPluginManager: Mounting plugin AxFImporter
LogPluginManager: Mounting plugin CameraShakePreviewer
LogPluginManager: Mounting plugin DataprepEditor
LogPluginManager: Mounting plugin GameplayCameras
LogPluginManager: Mounting plugin DatasmithC4DImporter
LogPluginManager: Mounting plugin DatasmithGLTFImporter
LogPluginManager: Mounting plugin DatasmithIFCImporter
LogPluginManager: Mounting plugin DatasmithImporter
LogPluginManager: Mounting plugin DatasmithContent
LogPluginManager: Mounting plugin LidarPointCloud
LogPluginManager: Mounting plugin DatasmithCADImporter
LogPluginManager: Mounting plugin VariantManagerContent
LogPluginManager: Mounting plugin StaticMeshEditorExtension
LogPluginManager: Mounting plugin VariantManager
LogPluginManager: Mounting plugin Niagara
LogPluginManager: Mounting plugin LuminPlatformFeatures
LogPluginManager: Mounting plugin MagicLeap
LogPluginManager: Mounting plugin MagicLeapLightEstimation
LogPluginManager: Mounting plugin MagicLeapMedia
LogPluginManager: Mounting plugin AnimationSharing
LogPluginManager: Mounting plugin MLSDK
LogPluginManager: Mounting plugin CodeLiteSourceCodeAccess
LogPluginManager: Mounting plugin GitSourceControl
LogPluginManager: Mounting plugin CLionSourceCodeAccess
LogPluginManager: Mounting plugin PerforceSourceControl
LogPluginManager: Mounting plugin PlasticSourceControl
LogPluginManager: Mounting plugin PixWinPlugin
LogPluginManager: Mounting plugin KDevelopSourceCodeAccess
LogPluginManager: Mounting plugin PluginUtils
LogPluginManager: Mounting plugin PropertyAccessNode
LogPluginManager: Mounting plugin SubversionSourceControl
LogPluginManager: Mounting plugin RiderSourceCodeAccess
LogPluginManager: Mounting plugin UObjectPlugin
LogPluginManager: Mounting plugin VisualStudioCodeSourceCodeAccess
LogPluginManager: Mounting plugin TextureFormatOodle
LogPluginManager: Mounting plugin VisualStudioSourceCodeAccess
LogPluginManager: Mounting plugin XCodeSourceCodeAccess
LogPluginManager: Mounting plugin NullSourceCodeAccess
LogPluginManager: Mounting plugin AndroidMedia
LogPluginManager: Mounting plugin AvfMedia
LogPluginManager: Mounting plugin ImgMedia
LogPluginManager: Mounting plugin MediaCompositing
LogPluginManager: Mounting plugin MediaPlayerEditor
LogPluginManager: Mounting plugin WmfMedia
LogPluginManager: Mounting plugin TcpMessaging
LogPluginManager: Mounting plugin WebMMedia
LogPluginManager: Mounting plugin ActorSequence
LogPluginManager: Mounting plugin UdpMessaging
LogPluginManager: Mounting plugin LevelSequenceEditor
LogPluginManager: Mounting plugin TemplateSequence
LogPluginManager: Mounting plugin MatineeToLevelSequence
LogPluginManager: Mounting plugin OnlineSubsystem
LogPluginManager: Mounting plugin OnlineSubsystemNull
LogPluginManager: Mounting plugin OnlineSubsystemUtils
LogPluginManager: Mounting plugin LauncherChunkInstaller
LogPluginManager: Mounting plugin OodleNetwork
LogPluginManager: Mounting plugin OodleData
LogPluginManager: Mounting plugin ScreenshotTools
LogPluginManager: Mounting plugin AndroidDeviceProfileSelector
LogPluginManager: Mounting plugin AndroidMoviePlayer
LogPluginManager: Mounting plugin AndroidPermission
LogPluginManager: Mounting plugin ActorLayerUtilities
LogPluginManager: Mounting plugin AppleMoviePlayer
LogPluginManager: Mounting plugin AppleImageUtils
LogPluginManager: Mounting plugin AssetTags
LogPluginManager: Mounting plugin ArchVisCharacter
LogPluginManager: Mounting plugin AudioSynesthesia
LogPluginManager: Mounting plugin ChunkDownloader
LogPluginManager: Mounting plugin CustomMeshComponent
LogPluginManager: Mounting plugin ExampleDeviceProfileSelector
LogPluginManager: Mounting plugin EditableMesh
LogPluginManager: Mounting plugin AudioCapture
LogPluginManager: Mounting plugin CableComponent
LogPluginManager: Mounting plugin GooglePAD
LogPluginManager: Mounting plugin GoogleCloudMessaging
LogPluginManager: Mounting plugin HairStrands
LogPluginManager: Mounting plugin MagicLeapPassableWorld
LogPluginManager: Mounting plugin Takes
LogPluginManager: Mounting plugin AlembicImporter
LogPluginManager: Mounting plugin AutomationUtils
LogPluginManager: Mounting plugin BlastPlugin
LogPluginManager: Mounting plugin BackChannel
LogPluginManager: Mounting plugin ChaosCloth
LogPluginManager: Mounting plugin ChaosClothEditor
LogPluginManager: Mounting plugin ChaosEditor
LogPluginManager: Mounting plugin CharacterAI
LogPluginManager: Mounting plugin ChaosNiagara
LogPluginManager: Mounting plugin ChaosSolverPlugin
LogPluginManager: Mounting plugin GeometryCollectionPlugin
LogPluginManager: Mounting plugin HDRIBackdrop
LogPluginManager: Mounting plugin GeometryCache
LogPluginManager: Mounting plugin LinuxDeviceProfileSelector
LogPluginManager: Mounting plugin IOSDeviceProfileSelector
LogPluginManager: Mounting plugin LocationServicesBPLibrary
LogPluginManager: Mounting plugin OpenXR
LogPluginManager: Mounting plugin MobilePatchingUtils
LogPluginManager: Mounting plugin OpenXREyeTracker
LogPluginManager: Mounting plugin OpenXRHandTracking
LogPluginManager: Mounting plugin PhysXVehicles
LogPluginManager: Mounting plugin GeometryProcessing
LogPluginManager: Mounting plugin ModelingToolsEditorMode
LogPluginManager: Mounting plugin OpenImageDenoise
LogPluginManager: Mounting plugin PlatformCrypto
LogPluginManager: Mounting plugin PlanarCut
LogPluginManager: Mounting plugin PythonScriptPlugin
LogPluginManager: Mounting plugin MeshModelingToolset
LogPluginManager: Mounting plugin MotoSynth
LogPluginManager: Mounting plugin ProxyLODPlugin
LogPluginManager: Mounting plugin SkeletalReduction
LogPluginManager: Mounting plugin PostSplashScreen
LogPluginManager: Mounting plugin PropertyAccessEditor
LogPluginManager: Mounting plugin SignificanceManager
LogPluginManager: Mounting plugin ProceduralMeshComponent
LogPluginManager: Mounting plugin RuntimePhysXCooking
LogPluginManager: Mounting plugin SoundFields
LogPluginManager: Mounting plugin Synthesis
LogPluginManager: Mounting plugin SunPosition
LogPluginManager: Mounting plugin WebMMoviePlayer
LogPluginManager: Mounting plugin WindowsMoviePlayer
LogPluginManager: Mounting plugin AssetManagerEditor
LogPluginManager: Mounting plugin CryptoKeys
LogPluginManager: Mounting plugin DataValidation
LogPluginManager: Mounting plugin GameplayTagsEditor
LogPluginManager: Mounting plugin GeometryMode
LogPluginManager: Mounting plugin GLTFImporter
LogPluginManager: Mounting plugin EditorScriptingUtilities
LogPluginManager: Mounting plugin MaterialAnalyzer
LogPluginManager: Mounting plugin MacGraphicsSwitching
LogPluginManager: Mounting plugin MeshEditor
LogPluginManager: Mounting plugin MobileLauncherProfileWizard
LogPluginManager: Mounting plugin FacialAnimation
LogPluginManager: Mounting plugin PluginBrowser
LogPluginManager: Mounting plugin StylusInput
LogPluginManager: Mounting plugin SpeedTreeImporter
LogPluginManager: Mounting plugin CurveEditorTools
LogPluginManager: Mounting plugin OnlineSubsystemIOS
LogPluginManager: Mounting plugin OnlineSubsystemGooglePlay
LogPluginManager: Mounting plugin OculusVR
LogPluginManager: Mounting plugin SteamVR
LogPluginManager: Mounting plugin ContentBrowserClassDataSource
LogPluginManager: Mounting plugin ContentBrowserAssetDataSource
LogPluginManager: Mounting plugin ContentBrowserFileDataSource
PixWinPlugin: PIX capture plugin failed to initialize! Check that the process is launched from PIX.
LogInit: Using libcurl 7.55.1-DEV
LogInit:  - built for x86_64-pc-win32
LogInit:  - supports SSL with OpenSSL/1.1.1
LogInit:  - supports HTTP deflate (compression) using libz 1.2.8
LogInit:  - other features:
LogInit:      CURL_VERSION_SSL
LogInit:      CURL_VERSION_LIBZ
LogInit:      CURL_VERSION_IPV6
LogInit:      CURL_VERSION_ASYNCHDNS
LogInit:      CURL_VERSION_LARGEFILE
LogInit:      CURL_VERSION_IDN
LogInit:  CurlRequestOptions (configurable via config and command line):
LogInit:  - bVerifyPeer = true  - Libcurl will verify peer certificate
LogInit:  - bUseHttpProxy = false  - Libcurl will NOT use HTTP proxy
LogInit:  - bDontReuseConnections = false  - Libcurl will reuse connections
LogInit:  - MaxHostConnections = 16  - Libcurl will limit the number of connections to a host
LogInit:  - LocalHostAddr = Default
LogInit:  - BufferSize = 65536
LogOnline: OSS: Creating online subsystem instance for: NULL
LogInit: WinSock: version 1.1 (2.2), MaxSocks=32767, MaxUdp=65467
LogOnline: OSS: TryLoadSubsystemAndSetDefault: Loaded subsystem for module [NULL]
LogOculusPluginWrapper: OculusPlugin initialized successfully
LogHMD: Failed initializing OVRPlugin 1.59.0
LogInit: Build: ++UE4+Release-4.27-CL-18319896
LogInit: Engine Version: 4.27.2-18319896+++UE4+Release-4.27
LogInit: Compatible Engine Version: 4.27.0-17155196+++UE4+Release-4.27
LogInit: Net CL: 17155196
LogInit: OS: Windows 10 (Release 2009) (), CPU: AMD Ryzen 5 3550H with Radeon Vega Mobile Gfx  , GPU: AMD Radeon(TM) Vega 8 Graphics
LogInit: Compiled (64-bit): Nov 30 2021 07:12:08
LogInit: Compiled with Visual C++: 19.24.28315.00
LogInit: Build Configuration: Development
LogInit: Branch Name: ++UE4+Release-4.27
LogInit: Command Line: 
LogInit: Base Directory: C:/Program Files/Epic Games/UE_4.27/Engine/Binaries/Win64/
LogInit: Allocator: TBB
LogInit: Installed Engine Build: 1
LogDevObjectVersion: Number of dev versions registered: 29
LogDevObjectVersion:   Dev-Blueprints (B0D832E4-1F89-4F0D-ACCF-7EB736FD4AA2): 10
LogDevObjectVersion:   Dev-Build (E1C64328-A22C-4D53-A36C-8E866417BD8C): 0
LogDevObjectVersion:   Dev-Core (375EC13C-06E4-48FB-B500-84F0262A717E): 4
LogDevObjectVersion:   Dev-Editor (E4B068ED-F494-42E9-A231-DA0B2E46BB41): 40
LogDevObjectVersion:   Dev-Framework (CFFC743F-43B0-4480-9391-14DF171D2073): 37
LogDevObjectVersion:   Dev-Mobile (B02B49B5-BB20-44E9-A304-32B752E40360): 3
LogDevObjectVersion:   Dev-Networking (A4E4105C-59A1-49B5-A7C5-40C4547EDFEE): 0
LogDevObjectVersion:   Dev-Online (39C831C9-5AE6-47DC-9A44-9C173E1C8E7C): 0
LogDevObjectVersion:   Dev-Physics (78F01B33-EBEA-4F98-B9B4-84EACCB95AA2): 14
LogDevObjectVersion:   Dev-Platform (6631380F-2D4D-43E0-8009-CF276956A95A): 0
LogDevObjectVersion:   Dev-Rendering (12F88B9F-8875-4AFC-A67C-D90C383ABD29): 45
LogDevObjectVersion:   Dev-Sequencer (7B5AE74C-D270-4C10-A958-57980B212A5A): 13
LogDevObjectVersion:   Dev-VR (D7296918-1DD6-4BDD-9DE2-64A83CC13884): 3
LogDevObjectVersion:   Dev-LoadTimes (C2A15278-BFE7-4AFE-6C17-90FF531DF755): 1
LogDevObjectVersion:   Private-Geometry (6EACA3D4-40EC-4CC1-B786-8BED09428FC5): 3
LogDevObjectVersion:   Dev-AnimPhys (29E575DD-E0A3-4627-9D10-D276232CDCEA): 17
LogDevObjectVersion:   Dev-Anim (AF43A65D-7FD3-4947-9873-3E8ED9C1BB05): 15
LogDevObjectVersion:   Dev-ReflectionCapture (6B266CEC-1EC7-4B8F-A30B-E4D90942FC07): 1
LogDevObjectVersion:   Dev-Automation (0DF73D61-A23F-47EA-B727-89E90C41499A): 1
LogDevObjectVersion:   FortniteMain (601D1886-AC64-4F84-AA16-D3DE0DEAC7D6): 47
LogDevObjectVersion:   FortniteRelease (E7086368-6B23-4C58-8439-1B7016265E91): 1
LogDevObjectVersion:   Dev-Enterprise (9DFFBCD6-494F-0158-E221-12823C92A888): 10
LogDevObjectVersion:   Dev-Niagara (F2AED0AC-9AFE-416F-8664-AA7FFA26D6FC): 1
LogDevObjectVersion:   Dev-Destruction (174F1F0B-B4C6-45A5-B13F-2EE8D0FB917D): 10
LogDevObjectVersion:   Dev-Physics-Ext (35F94A83-E258-406C-A318-09F59610247C): 41
LogDevObjectVersion:   Dev-PhysicsMaterial-Chaos (B68FC16E-8B1B-42E2-B453-215C058844FE): 1
LogDevObjectVersion:   Dev-CineCamera (B2E18506-4273-CFC2-A54E-F4BB758BBA07): 1
LogDevObjectVersion:   Dev-VirtualProduction (64F58936-FD1B-42BA-BA96-7289D5D0FA4E): 1
LogDevObjectVersion:   Dev-MediaFramework (6F0ED827-A609-4895-9C91-998D90180EA4): 2
LogLinker: AddRedirectList(C:/Users/Jalis/Desktop/UnrealTutorial/Ex_Files_Unreal_Engine_Q3_2020/Exercise Files/UnrealProject/Saved/Config/Windows/LidarPointCloud.ini) has substring redirect /PointCloudRuntime, these are very slow and should be resolved as soon as possible!
LogInit: Presizing for max 25165824 objects, including 0 objects not considered by GC, pre-allocating 0 bytes for permanent pool.
LogConfig: Applying CVar settings from Section [/Script/Engine.StreamingSettings] File [C:/Users/Jalis/Desktop/UnrealTutorial/Ex_Files_Unreal_Engine_Q3_2020/Exercise Files/UnrealProject/Saved/Config/Windows/Engine.ini]
LogConfig: Setting CVar [[s.MinBulkDataSizeForAsyncLoading:131072]]
LogConfig: Setting CVar [[s.AsyncLoadingThreadEnabled:0]]
LogConfig: Setting CVar [[s.EventDrivenLoaderEnabled:1]]
LogConfig: Setting CVar [[s.WarnIfTimeLimitExceeded:0]]
LogConfig: Setting CVar [[s.TimeLimitExceededMultiplier:1.5]]
LogConfig: Setting CVar [[s.TimeLimitExceededMinTime:0.005]]
LogConfig: Setting CVar [[s.UseBackgroundLevelStreaming:1]]
LogConfig: Setting CVar [[s.PriorityAsyncLoadingExtraTime:15.0]]
LogConfig: Setting CVar [[s.LevelStreamingActorsUpdateTimeLimit:5.0]]
LogConfig: Setting CVar [[s.PriorityLevelStreamingActorsUpdateExtraTime:5.0]]
LogConfig: Setting CVar [[s.LevelStreamingComponentsRegistrationGranularity:10]]
LogConfig: Setting CVar [[s.UnregisterComponentsTimeLimit:1.0]]
LogConfig: Setting CVar [[s.LevelStreamingComponentsUnregistrationGranularity:5]]
LogConfig: Setting CVar [[s.FlushStreamingOnExit:1]]
LogInit: Object subsystem initialized
LogConfig: Setting CVar [[con.DebugEarlyDefault:1]]
LogConfig: Setting CVar [[r.setres:1280x720]]
LogConfig: Setting CVar [[fx.NiagaraAllowRuntimeScalabilityChanges:1]]
[2022.04.04-00.59.20:663][  0]LogConfig: Setting CVar [[r.VSync:0]]
[2022.04.04-00.59.20:663][  0]LogConfig: Setting CVar [[r.RHICmdBypass:0]]
[2022.04.04-00.59.20:664][  0]LogConfig: Applying CVar settings from Section [/Script/Engine.RendererSettings] File [C:/Users/Jalis/Desktop/UnrealTutorial/Ex_Files_Unreal_Engine_Q3_2020/Exercise Files/UnrealProject/Saved/Config/Windows/Engine.ini]
[2022.04.04-00.59.20:664][  0]LogConfig: Setting CVar [[r.GPUCrashDebugging:0]]
[2022.04.04-00.59.20:664][  0]LogConfig: Setting CVar [[r.Tonemapper.Sharpen:2]]
[2022.04.04-00.59.20:664][  0]LogConfig: Setting CVar [[r.TemporalAA.Upsampling:1]]
[2022.04.04-00.59.20:664][  0]LogConfig: Setting CVar [[r.DefaultFeature.AutoExposure.ExtendDefaultLuminanceRange:1]]
[2022.04.04-00.59.20:664][  0]LogConfig: Setting CVar [[r.LightPropagationVolume:0]]
[2022.04.04-00.59.20:664][  0]LogConfig: Setting CVar [[r.ReflectionCaptureResolution:2048]]
[2022.04.04-00.59.20:664][  0]LogConfig: Setting CVar [[r.AllowStaticLighting:1]]
[2022.04.04-00.59.20:664][  0]LogConfig: Setting CVar [[r.HighResScreenshotDelay:8]]
[2022.04.04-00.59.20:664][  0]LogConfig: Setting CVar [[r.DefaultBackBufferPixelFormat:4]]
[2022.04.04-00.59.20:664][  0]LogConfig: Setting CVar [[r.AllowGlobalClipPlane:0]]
[2022.04.04-00.59.20:664][  0]LogConfig: Setting CVar [[r.SupportSkyAtmosphereAffectsHeightFog:1]]
[2022.04.04-00.59.20:664][  0]LogConfig: Setting CVar [[r.DefaultFeature.LensFlare:1]]
[2022.04.04-00.59.20:664][  0]LogConfig: Setting CVar [[r.ClearCoatNormal:0]]
[2022.04.04-00.59.20:664][  0]LogConfig: Setting CVar [[r.NormalMapsForStaticLighting:0]]
[2022.04.04-00.59.20:664][  0]LogConfig: Setting CVar [[r.SSGI.Enable:1]]
[2022.04.04-00.59.20:664][  0]LogConfig: Setting CVar [[r.SkinCache.CompileShaders:1]]
[2022.04.04-00.59.20:664][  0]LogConfig: Setting CVar [[r.RayTracing:1]]
[2022.04.04-00.59.20:664][  0]LogConfig: Applying CVar settings from Section [/Script/Engine.RendererOverrideSettings] File [C:/Users/Jalis/Desktop/UnrealTutorial/Ex_Files_Unreal_Engine_Q3_2020/Exercise Files/UnrealProject/Saved/Config/Windows/Engine.ini]
[2022.04.04-00.59.20:664][  0]LogConfig: Applying CVar settings from Section [/Script/Engine.StreamingSettings] File [C:/Users/Jalis/Desktop/UnrealTutorial/Ex_Files_Unreal_Engine_Q3_2020/Exercise Files/UnrealProject/Saved/Config/Windows/Engine.ini]
[2022.04.04-00.59.20:664][  0]LogConfig: Setting CVar [[s.MinBulkDataSizeForAsyncLoading:131072]]
[2022.04.04-00.59.20:664][  0]LogConfig: Setting CVar [[s.AsyncLoadingThreadEnabled:0]]
[2022.04.04-00.59.20:664][  0]LogConfig: Setting CVar [[s.EventDrivenLoaderEnabled:1]]
[2022.04.04-00.59.20:664][  0]LogConfig: Setting CVar [[s.WarnIfTimeLimitExceeded:0]]
[2022.04.04-00.59.20:664][  0]LogConfig: Setting CVar [[s.TimeLimitExceededMultiplier:1.5]]
[2022.04.04-00.59.20:665][  0]LogConfig: Setting CVar [[s.TimeLimitExceededMinTime:0.005]]
[2022.04.04-00.59.20:665][  0]LogConfig: Setting CVar [[s.UseBackgroundLevelStreaming:1]]
[2022.04.04-00.59.20:665][  0]LogConfig: Setting CVar [[s.PriorityAsyncLoadingExtraTime:15.0]]
[2022.04.04-00.59.20:665][  0]LogConfig: Setting CVar [[s.LevelStreamingActorsUpdateTimeLimit:5.0]]
[2022.04.04-00.59.20:665][  0]LogConfig: Setting CVar [[s.PriorityLevelStreamingActorsUpdateExtraTime:5.0]]
[2022.04.04-00.59.20:665][  0]LogConfig: Setting CVar [[s.LevelStreamingComponentsRegistrationGranularity:10]]
[2022.04.04-00.59.20:665][  0]LogConfig: Setting CVar [[s.UnregisterComponentsTimeLimit:1.0]]
[2022.04.04-00.59.20:665][  0]LogConfig: Setting CVar [[s.LevelStreamingComponentsUnregistrationGranularity:5]]
[2022.04.04-00.59.20:665][  0]LogConfig: Setting CVar [[s.FlushStreamingOnExit:1]]
[2022.04.04-00.59.20:665][  0]LogConfig: Applying CVar settings from Section [/Script/Engine.GarbageCollectionSettings] File [C:/Users/Jalis/Desktop/UnrealTutorial/Ex_Files_Unreal_Engine_Q3_2020/Exercise Files/UnrealProject/Saved/Config/Windows/Engine.ini]
[2022.04.04-00.59.20:665][  0]LogConfig: Setting CVar [[gc.MaxObjectsNotConsideredByGC:1]]
[2022.04.04-00.59.20:665][  0]LogConfig: Setting CVar [[gc.SizeOfPermanentObjectPool:0]]
[2022.04.04-00.59.20:665][  0]LogConfig: Setting CVar [[gc.FlushStreamingOnGC:0]]
[2022.04.04-00.59.20:665][  0]LogConfig: Setting CVar [[gc.NumRetriesBeforeForcingGC:10]]
[2022.04.04-00.59.20:665][  0]LogConfig: Setting CVar [[gc.AllowParallelGC:1]]
[2022.04.04-00.59.20:665][  0]LogConfig: Setting CVar [[gc.TimeBetweenPurgingPendingKillObjects:61.1]]
[2022.04.04-00.59.20:665][  0]LogConfig: Setting CVar [[gc.MaxObjectsInEditor:25165824]]
[2022.04.04-00.59.20:665][  0]LogConfig: Setting CVar [[gc.IncrementalBeginDestroyEnabled:1]]
[2022.04.04-00.59.20:665][  0]LogConfig: Setting CVar [[gc.CreateGCClusters:1]]
[2022.04.04-00.59.20:665][  0]LogConfig: Setting CVar [[gc.MinGCClusterSize:5]]
[2022.04.04-00.59.20:665][  0]LogConfig: Setting CVar [[gc.ActorClusteringEnabled:0]]
[2022.04.04-00.59.20:665][  0]LogConfig: Setting CVar [[gc.BlueprintClusteringEnabled:0]]
[2022.04.04-00.59.20:665][  0]LogConfig: Setting CVar [[gc.UseDisregardForGCOnDedicatedServers:0]]
[2022.04.04-00.59.20:665][  0]LogConfig: Setting CVar [[gc.MultithreadedDestructionEnabled:1]]
[2022.04.04-00.59.20:665][  0]LogConfig: Applying CVar settings from Section [/Script/Engine.NetworkSettings] File [C:/Users/Jalis/Desktop/UnrealTutorial/Ex_Files_Unreal_Engine_Q3_2020/Exercise Files/UnrealProject/Saved/Config/Windows/Engine.ini]
[2022.04.04-00.59.20:665][  0]LogConfig: Applying CVar settings from Section [/Script/UnrealEd.CookerSettings] File [C:/Users/Jalis/Desktop/UnrealTutorial/Ex_Files_Unreal_Engine_Q3_2020/Exercise Files/UnrealProject/Saved/Config/Windows/Engine.ini]
[2022.04.04-00.59.20:683][  0]LogConfig: Applying CVar settings from Section [ViewDistanceQuality@3] File [C:/Users/Jalis/Desktop/UnrealTutorial/Ex_Files_Unreal_Engine_Q3_2020/Exercise Files/UnrealProject/Saved/Config/Windows/Scalability.ini]
[2022.04.04-00.59.20:684][  0]LogConfig: Setting CVar [[r.SkeletalMeshLODBias:0]]
[2022.04.04-00.59.20:684][  0]LogConfig: Setting CVar [[r.ViewDistanceScale:1.0]]
[2022.04.04-00.59.20:684][  0]LogConfig: Applying CVar settings from Section [AntiAliasingQuality@3] File [C:/Users/Jalis/Desktop/UnrealTutorial/Ex_Files_Unreal_Engine_Q3_2020/Exercise Files/UnrealProject/Saved/Config/Windows/Scalability.ini]
[2022.04.04-00.59.20:684][  0]LogConfig: Setting CVar [[r.PostProcessAAQuality:4]]
[2022.04.04-00.59.20:684][  0]LogConfig: Applying CVar settings from Section [ShadowQuality@3] File [C:/Users/Jalis/Desktop/UnrealTutorial/Ex_Files_Unreal_Engine_Q3_2020/Exercise Files/UnrealProject/Saved/Config/Windows/Scalability.ini]
[2022.04.04-00.59.20:684][  0]LogConfig: Setting CVar [[r.LightFunctionQuality:1]]
[2022.04.04-00.59.20:684][  0]LogConfig: Setting CVar [[r.ShadowQuality:5]]
[2022.04.04-00.59.20:684][  0]LogConfig: Setting CVar [[r.Shadow.CSM.MaxCascades:10]]
[2022.04.04-00.59.20:684][  0]LogConfig: Setting CVar [[r.Shadow.MaxResolution:2048]]
[2022.04.04-00.59.20:684][  0]LogConfig: Setting CVar [[r.Shadow.MaxCSMResolution:2048]]
[2022.04.04-00.59.20:684][  0]LogConfig: Setting CVar [[r.Shadow.RadiusThreshold:0.01]]
[2022.04.04-00.59.20:684][  0]LogConfig: Setting CVar [[r.Shadow.DistanceScale:1.0]]
[2022.04.04-00.59.20:684][  0]LogConfig: Setting CVar [[r.Shadow.CSM.TransitionScale:1.0]]
[2022.04.04-00.59.20:684][  0]LogConfig: Setting CVar [[r.Shadow.PreShadowResolutionFactor:1.0]]
[2022.04.04-00.59.20:684][  0]LogConfig: Setting CVar [[r.DistanceFieldShadowing:1]]
[2022.04.04-00.59.20:684][  0]LogConfig: Setting CVar [[r.DistanceFieldAO:1]]
[2022.04.04-00.59.20:684][  0]LogConfig: Setting CVar [[r.AOQuality:2]]
[2022.04.04-00.59.20:684][  0]LogConfig: Setting CVar [[r.VolumetricFog:1]]
[2022.04.04-00.59.20:684][  0]LogConfig: Setting CVar [[r.VolumetricFog.GridPixelSize:8]]
[2022.04.04-00.59.20:684][  0]LogConfig: Setting CVar [[r.VolumetricFog.GridSizeZ:128]]
[2022.04.04-00.59.20:684][  0]LogConfig: Setting CVar [[r.VolumetricFog.HistoryMissSupersampleCount:4]]
[2022.04.04-00.59.20:684][  0]LogConfig: Setting CVar [[r.LightMaxDrawDistanceScale:1]]
[2022.04.04-00.59.20:684][  0]LogConfig: Setting CVar [[r.CapsuleShadows:1]]
[2022.04.04-00.59.20:684][  0]LogConfig: Applying CVar settings from Section [PostProcessQuality@3] File [C:/Users/Jalis/Desktop/UnrealTutorial/Ex_Files_Unreal_Engine_Q3_2020/Exercise Files/UnrealProject/Saved/Config/Windows/Scalability.ini]
[2022.04.04-00.59.20:684][  0]LogConfig: Setting CVar [[r.MotionBlurQuality:4]]
[2022.04.04-00.59.20:684][  0]LogConfig: Setting CVar [[r.AmbientOcclusionMipLevelFactor:0.4]]
[2022.04.04-00.59.20:684][  0]LogConfig: Setting CVar [[r.AmbientOcclusionMaxQuality:100]]
[2022.04.04-00.59.20:684][  0]LogConfig: Setting CVar [[r.AmbientOcclusionLevels:-1]]
[2022.04.04-00.59.20:684][  0]LogConfig: Setting CVar [[r.AmbientOcclusionRadiusScale:1.0]]
[2022.04.04-00.59.20:684][  0]LogConfig: Setting CVar [[r.DepthOfFieldQuality:2]]
[2022.04.04-00.59.20:684][  0]LogConfig: Setting CVar [[r.RenderTargetPoolMin:400]]
[2022.04.04-00.59.20:684][  0]LogConfig: Setting CVar [[r.LensFlareQuality:2]]
[2022.04.04-00.59.20:684][  0]LogConfig: Setting CVar [[r.SceneColorFringeQuality:1]]
[2022.04.04-00.59.20:684][  0]LogConfig: Setting CVar [[r.EyeAdaptationQuality:2]]
[2022.04.04-00.59.20:684][  0]LogConfig: Setting CVar [[r.BloomQuality:5]]
[2022.04.04-00.59.20:684][  0]LogConfig: Setting CVar [[r.FastBlurThreshold:100]]
[2022.04.04-00.59.20:684][  0]LogConfig: Setting CVar [[r.Upscale.Quality:3]]
[2022.04.04-00.59.20:684][  0]LogConfig: Setting CVar [[r.Tonemapper.GrainQuantization:1]]
[2022.04.04-00.59.20:684][  0]LogConfig: Setting CVar [[r.LightShaftQuality:1]]
[2022.04.04-00.59.20:684][  0]LogConfig: Setting CVar [[r.Filter.SizeScale:1]]
[2022.04.04-00.59.20:684][  0]LogConfig: Setting CVar [[r.Tonemapper.Quality:5]]
[2022.04.04-00.59.20:684][  0]LogConfig: Setting CVar [[r.DOF.Gather.AccumulatorQuality:1        ; higher gathering accumulator quality]]
[2022.04.04-00.59.20:684][  0]LogConfig: Setting CVar [[r.DOF.Gather.PostfilterMethod:1          ; Median3x3 postfilering method]]
[2022.04.04-00.59.20:684][  0]LogConfig: Setting CVar [[r.DOF.Gather.EnableBokehSettings:0       ; no bokeh simulation when gathering]]
[2022.04.04-00.59.20:684][  0]LogConfig: Setting CVar [[r.DOF.Gather.RingCount:4                 ; medium number of samples when gathering]]
[2022.04.04-00.59.20:684][  0]LogConfig: Setting CVar [[r.DOF.Scatter.ForegroundCompositing:1    ; additive foreground scattering]]
[2022.04.04-00.59.20:684][  0]LogConfig: Setting CVar [[r.DOF.Scatter.BackgroundCompositing:2    ; additive background scattering]]
[2022.04.04-00.59.20:685][  0]LogConfig: Setting CVar [[r.DOF.Scatter.EnableBokehSettings:1      ; bokeh simulation when scattering]]
[2022.04.04-00.59.20:685][  0]LogConfig: Setting CVar [[r.DOF.Scatter.MaxSpriteRatio:0.1         ; only a maximum of 10% of scattered bokeh]]
[2022.04.04-00.59.20:685][  0]LogConfig: Setting CVar [[r.DOF.Recombine.Quality:1                ; cheap slight out of focus]]
[2022.04.04-00.59.20:685][  0]LogConfig: Setting CVar [[r.DOF.Recombine.EnableBokehSettings:0    ; no bokeh simulation on slight out of focus]]
[2022.04.04-00.59.20:685][  0]LogConfig: Setting CVar [[r.DOF.TemporalAAQuality:1                ; more stable temporal accumulation]]
[2022.04.04-00.59.20:685][  0]LogConfig: Setting CVar [[r.DOF.Kernel.MaxForegroundRadius:0.025]]
[2022.04.04-00.59.20:685][  0]LogConfig: Setting CVar [[r.DOF.Kernel.MaxBackgroundRadius:0.025]]
[2022.04.04-00.59.20:685][  0]LogConfig: Applying CVar settings from Section [TextureQuality@3] File [C:/Users/Jalis/Desktop/UnrealTutorial/Ex_Files_Unreal_Engine_Q3_2020/Exercise Files/UnrealProject/Saved/Config/Windows/Scalability.ini]
[2022.04.04-00.59.20:685][  0]LogConfig: Setting CVar [[r.Streaming.MipBias:0]]
[2022.04.04-00.59.20:685][  0]LogConfig: Setting CVar [[r.Streaming.AmortizeCPUToGPUCopy:0]]
[2022.04.04-00.59.20:685][  0]LogConfig: Setting CVar [[r.Streaming.MaxNumTexturesToStreamPerFrame:0]]
[2022.04.04-00.59.20:685][  0]LogConfig: Setting CVar [[r.Streaming.Boost:1]]
[2022.04.04-00.59.20:685][  0]LogConfig: Setting CVar [[r.MaxAnisotropy:8]]
[2022.04.04-00.59.20:685][  0]LogConfig: Setting CVar [[r.VT.MaxAnisotropy:8]]
[2022.04.04-00.59.20:685][  0]LogConfig: Setting CVar [[r.Streaming.LimitPoolSizeToVRAM:0]]
[2022.04.04-00.59.20:685][  0]LogConfig: Setting CVar [[r.Streaming.PoolSize:1000]]
[2022.04.04-00.59.20:685][  0]LogConfig: Setting CVar [[r.Streaming.MaxEffectiveScreenSize:0]]
[2022.04.04-00.59.20:685][  0]LogConfig: Applying CVar settings from Section [EffectsQuality@3] File [C:/Users/Jalis/Desktop/UnrealTutorial/Ex_Files_Unreal_Engine_Q3_2020/Exercise Files/UnrealProject/Saved/Config/Windows/Scalability.ini]
[2022.04.04-00.59.20:685][  0]LogConfig: Setting CVar [[r.TranslucencyLightingVolumeDim:64]]
[2022.04.04-00.59.20:685][  0]LogConfig: Setting CVar [[r.RefractionQuality:2]]
[2022.04.04-00.59.20:685][  0]LogConfig: Setting CVar [[r.SSR.Quality:3]]
[2022.04.04-00.59.20:685][  0]LogConfig: Setting CVar [[r.SSR.HalfResSceneColor:0]]
[2022.04.04-00.59.20:685][  0]LogConfig: Setting CVar [[r.SceneColorFormat:4]]
[2022.04.04-00.59.20:685][  0]LogConfig: Setting CVar [[r.DetailMode:2]]
[2022.04.04-00.59.20:685][  0]LogConfig: Setting CVar [[r.TranslucencyVolumeBlur:1]]
[2022.04.04-00.59.20:685][  0]LogConfig: Setting CVar [[r.MaterialQualityLevel:1 ; High quality]]
[2022.04.04-00.59.20:685][  0]LogConfig: Setting CVar [[r.AnisotropicMaterials:1]]
[2022.04.04-00.59.20:685][  0]LogConfig: Setting CVar [[r.SSS.Scale:1]]
[2022.04.04-00.59.20:685][  0]LogConfig: Setting CVar [[r.SSS.SampleSet:2]]
[2022.04.04-00.59.20:685][  0]LogConfig: Setting CVar [[r.SSS.Quality:1]]
[2022.04.04-00.59.20:685][  0]LogConfig: Setting CVar [[r.SSS.HalfRes:0]]
[2022.04.04-00.59.20:685][  0]LogConfig: Setting CVar [[r.SSGI.Quality:3]]
[2022.04.04-00.59.20:685][  0]LogConfig: Setting CVar [[r.EmitterSpawnRateScale:1.0]]
[2022.04.04-00.59.20:685][  0]LogConfig: Setting CVar [[r.ParticleLightQuality:2]]
[2022.04.04-00.59.20:685][  0]LogConfig: Setting CVar [[r.SkyAtmosphere.AerialPerspectiveLUT.FastApplyOnOpaque:1 ; Always have FastSkyLUT 1 in this case to avoid wrong sky]]
[2022.04.04-00.59.20:685][  0]LogConfig: Setting CVar [[r.SkyAtmosphere.AerialPerspectiveLUT.SampleCountMaxPerSlice:4]]
[2022.04.04-00.59.20:685][  0]LogConfig: Setting CVar [[r.SkyAtmosphere.AerialPerspectiveLUT.DepthResolution:16.0]]
[2022.04.04-00.59.20:685][  0]LogConfig: Setting CVar [[r.SkyAtmosphere.FastSkyLUT:1]]
[2022.04.04-00.59.20:685][  0]LogConfig: Setting CVar [[r.SkyAtmosphere.FastSkyLUT.SampleCountMin:4.0]]
[2022.04.04-00.59.20:685][  0]LogConfig: Setting CVar [[r.SkyAtmosphere.FastSkyLUT.SampleCountMax:128.0]]
[2022.04.04-00.59.20:685][  0]LogConfig: Setting CVar [[r.SkyAtmosphere.SampleCountMin:4.0]]
[2022.04.04-00.59.20:685][  0]LogConfig: Setting CVar [[r.SkyAtmosphere.SampleCountMax:128.0]]
[2022.04.04-00.59.20:685][  0]LogConfig: Setting CVar [[r.SkyAtmosphere.TransmittanceLUT.UseSmallFormat:0]]
[2022.04.04-00.59.20:685][  0]LogConfig: Setting CVar [[r.SkyAtmosphere.TransmittanceLUT.SampleCount:10.0]]
[2022.04.04-00.59.20:685][  0]LogConfig: Setting CVar [[r.SkyAtmosphere.MultiScatteringLUT.SampleCount:15.0]]
[2022.04.04-00.59.20:686][  0]LogConfig: Setting CVar [[r.SkyLight.RealTimeReflectionCapture:1]]
[2022.04.04-00.59.20:686][  0]LogConfig: Setting CVar [[fx.Niagara.QualityLevel:3]]
[2022.04.04-00.59.20:687][  0]LogConfig: Applying CVar settings from Section [FoliageQuality@3] File [C:/Users/Jalis/Desktop/UnrealTutorial/Ex_Files_Unreal_Engine_Q3_2020/Exercise Files/UnrealProject/Saved/Config/Windows/Scalability.ini]
[2022.04.04-00.59.20:687][  0]LogConfig: Setting CVar [[foliage.DensityScale:1.0]]
[2022.04.04-00.59.20:687][  0]LogConfig: Setting CVar [[grass.DensityScale:1.0]]
[2022.04.04-00.59.20:687][  0]LogConfig: Applying CVar settings from Section [ShadingQuality@3] File [C:/Users/Jalis/Desktop/UnrealTutorial/Ex_Files_Unreal_Engine_Q3_2020/Exercise Files/UnrealProject/Saved/Config/Windows/Scalability.ini]
[2022.04.04-00.59.20:687][  0]LogConfig: Setting CVar [[r.HairStrands.SkyLighting.IntegrationType:2]]
[2022.04.04-00.59.20:687][  0]LogConfig: Setting CVar [[r.HairStrands.SkyAO.SampleCount:4]]
[2022.04.04-00.59.20:687][  0]LogConfig: Setting CVar [[r.HairStrands.Visibility.MSAA.SamplePerPixel:4]]
[2022.04.04-00.59.20:687][  0]LogConfig: Setting CVar [[r.HairStrands.Interpolation.UseSingleGuide:0]]
[2022.04.04-00.59.20:688][  0]LogInit: Selected Device Profile: [Windows]
[2022.04.04-00.59.20:689][  0]LogInit: Applying CVar settings loaded from the selected device profile: [Windows]
[2022.04.04-00.59.20:690][  0]LogHAL: Display: Platform has ~ 8 GB [8390643712 / 8589934592 / 8], which maps to Default [LargestMinGB=32, LargerMinGB=12, DefaultMinGB=8, SmallerMinGB=6, SmallestMinGB=0)
[2022.04.04-00.59.20:690][  0]LogInit: Going up to parent DeviceProfile []
[2022.04.04-00.59.20:691][  0]LogConfig: Applying CVar settings from Section [ViewDistanceQuality@3] File [C:/Users/Jalis/Desktop/UnrealTutorial/Ex_Files_Unreal_Engine_Q3_2020/Exercise Files/UnrealProject/Saved/Config/Windows/Scalability.ini]
[2022.04.04-00.59.20:691][  0]LogConfig: Setting CVar [[r.SkeletalMeshLODBias:0]]
[2022.04.04-00.59.20:691][  0]LogConfig: Setting CVar [[r.ViewDistanceScale:1.0]]
[2022.04.04-00.59.20:691][  0]LogConfig: Applying CVar settings from Section [AntiAliasingQuality@3] File [C:/Users/Jalis/Desktop/UnrealTutorial/Ex_Files_Unreal_Engine_Q3_2020/Exercise Files/UnrealProject/Saved/Config/Windows/Scalability.ini]
[2022.04.04-00.59.20:691][  0]LogConfig: Setting CVar [[r.PostProcessAAQuality:4]]
[2022.04.04-00.59.20:691][  0]LogConfig: Applying CVar settings from Section [ShadowQuality@3] File [C:/Users/Jalis/Desktop/UnrealTutorial/Ex_Files_Unreal_Engine_Q3_2020/Exercise Files/UnrealProject/Saved/Config/Windows/Scalability.ini]
[2022.04.04-00.59.20:691][  0]LogConfig: Setting CVar [[r.LightFunctionQuality:1]]
[2022.04.04-00.59.20:691][  0]LogConfig: Setting CVar [[r.ShadowQuality:5]]
[2022.04.04-00.59.20:691][  0]LogConfig: Setting CVar [[r.Shadow.CSM.MaxCascades:10]]
[2022.04.04-00.59.20:691][  0]LogConfig: Setting CVar [[r.Shadow.MaxResolution:2048]]
[2022.04.04-00.59.20:691][  0]LogConfig: Setting CVar [[r.Shadow.MaxCSMResolution:2048]]
[2022.04.04-00.59.20:691][  0]LogConfig: Setting CVar [[r.Shadow.RadiusThreshold:0.01]]
[2022.04.04-00.59.20:691][  0]LogConfig: Setting CVar [[r.Shadow.DistanceScale:1.0]]
[2022.04.04-00.59.20:691][  0]LogConfig: Setting CVar [[r.Shadow.CSM.TransitionScale:1.0]]
[2022.04.04-00.59.20:691][  0]LogConfig: Setting CVar [[r.Shadow.PreShadowResolutionFactor:1.0]]
[2022.04.04-00.59.20:691][  0]LogConfig: Setting CVar [[r.DistanceFieldShadowing:1]]
[2022.04.04-00.59.20:692][  0]LogConfig: Setting CVar [[r.DistanceFieldAO:1]]
[2022.04.04-00.59.20:692][  0]LogConfig: Setting CVar [[r.AOQuality:2]]
[2022.04.04-00.59.20:692][  0]LogConfig: Setting CVar [[r.VolumetricFog:1]]
[2022.04.04-00.59.20:692][  0]LogConfig: Setting CVar [[r.VolumetricFog.GridPixelSize:8]]
[2022.04.04-00.59.20:692][  0]LogConfig: Setting CVar [[r.VolumetricFog.GridSizeZ:128]]
[2022.04.04-00.59.20:692][  0]LogConfig: Setting CVar [[r.VolumetricFog.HistoryMissSupersampleCount:4]]
[2022.04.04-00.59.20:692][  0]LogConfig: Setting CVar [[r.LightMaxDrawDistanceScale:1]]
[2022.04.04-00.59.20:692][  0]LogConfig: Setting CVar [[r.CapsuleShadows:1]]
[2022.04.04-00.59.20:692][  0]LogConfig: Applying CVar settings from Section [PostProcessQuality@3] File [C:/Users/Jalis/Desktop/UnrealTutorial/Ex_Files_Unreal_Engine_Q3_2020/Exercise Files/UnrealProject/Saved/Config/Windows/Scalability.ini]
[2022.04.04-00.59.20:692][  0]LogConfig: Setting CVar [[r.MotionBlurQuality:4]]
[2022.04.04-00.59.20:692][  0]LogConfig: Setting CVar [[r.AmbientOcclusionMipLevelFactor:0.4]]
[2022.04.04-00.59.20:692][  0]LogConfig: Setting CVar [[r.AmbientOcclusionMaxQuality:100]]
[2022.04.04-00.59.20:692][  0]LogConfig: Setting CVar [[r.AmbientOcclusionLevels:-1]]
[2022.04.04-00.59.20:692][  0]LogConfig: Setting CVar [[r.AmbientOcclusionRadiusScale:1.0]]
[2022.04.04-00.59.20:692][  0]LogConfig: Setting CVar [[r.DepthOfFieldQuality:2]]
[2022.04.04-00.59.20:692][  0]LogConfig: Setting CVar [[r.RenderTargetPoolMin:400]]
[2022.04.04-00.59.20:692][  0]LogConfig: Setting CVar [[r.LensFlareQuality:2]]
[2022.04.04-00.59.20:692][  0]LogConfig: Setting CVar [[r.SceneColorFringeQuality:1]]
[2022.04.04-00.59.20:692][  0]LogConfig: Setting CVar [[r.EyeAdaptationQuality:2]]
[2022.04.04-00.59.20:692][  0]LogConfig: Setting CVar [[r.BloomQuality:5]]
[2022.04.04-00.59.20:692][  0]LogConfig: Setting CVar [[r.FastBlurThreshold:100]]
[2022.04.04-00.59.20:692][  0]LogConfig: Setting CVar [[r.Upscale.Quality:3]]
[2022.04.04-00.59.20:692][  0]LogConfig: Setting CVar [[r.Tonemapper.GrainQuantization:1]]
[2022.04.04-00.59.20:692][  0]LogConfig: Setting CVar [[r.LightShaftQuality:1]]
[2022.04.04-00.59.20:692][  0]LogConfig: Setting CVar [[r.Filter.SizeScale:1]]
[2022.04.04-00.59.20:692][  0]LogConfig: Setting CVar [[r.Tonemapper.Quality:5]]
[2022.04.04-00.59.20:692][  0]LogConfig: Setting CVar [[r.DOF.Gather.AccumulatorQuality:1        ; higher gathering accumulator quality]]
[2022.04.04-00.59.20:692][  0]LogConfig: Setting CVar [[r.DOF.Gather.PostfilterMethod:1          ; Median3x3 postfilering method]]
[2022.04.04-00.59.20:692][  0]LogConfig: Setting CVar [[r.DOF.Gather.EnableBokehSettings:0       ; no bokeh simulation when gathering]]
[2022.04.04-00.59.20:692][  0]LogConfig: Setting CVar [[r.DOF.Gather.RingCount:4                 ; medium number of samples when gathering]]
[2022.04.04-00.59.20:692][  0]LogConfig: Setting CVar [[r.DOF.Scatter.ForegroundCompositing:1    ; additive foreground scattering]]
[2022.04.04-00.59.20:692][  0]LogConfig: Setting CVar [[r.DOF.Scatter.BackgroundCompositing:2    ; additive background scattering]]
[2022.04.04-00.59.20:692][  0]LogConfig: Setting CVar [[r.DOF.Scatter.EnableBokehSettings:1      ; bokeh simulation when scattering]]
[2022.04.04-00.59.20:692][  0]LogConfig: Setting CVar [[r.DOF.Scatter.MaxSpriteRatio:0.1         ; only a maximum of 10% of scattered bokeh]]
[2022.04.04-00.59.20:692][  0]LogConfig: Setting CVar [[r.DOF.Recombine.Quality:1                ; cheap slight out of focus]]
[2022.04.04-00.59.20:692][  0]LogConfig: Setting CVar [[r.DOF.Recombine.EnableBokehSettings:0    ; no bokeh simulation on slight out of focus]]
[2022.04.04-00.59.20:692][  0]LogConfig: Setting CVar [[r.DOF.TemporalAAQuality:1                ; more stable temporal accumulation]]
[2022.04.04-00.59.20:692][  0]LogConfig: Setting CVar [[r.DOF.Kernel.MaxForegroundRadius:0.025]]
[2022.04.04-00.59.20:692][  0]LogConfig: Setting CVar [[r.DOF.Kernel.MaxBackgroundRadius:0.025]]
[2022.04.04-00.59.20:692][  0]LogConfig: Applying CVar settings from Section [TextureQuality@3] File [C:/Users/Jalis/Desktop/UnrealTutorial/Ex_Files_Unreal_Engine_Q3_2020/Exercise Files/UnrealProject/Saved/Config/Windows/Scalability.ini]
[2022.04.04-00.59.20:692][  0]LogConfig: Setting CVar [[r.Streaming.MipBias:0]]
[2022.04.04-00.59.20:692][  0]LogConfig: Setting CVar [[r.Streaming.AmortizeCPUToGPUCopy:0]]
[2022.04.04-00.59.20:692][  0]LogConfig: Setting CVar [[r.Streaming.MaxNumTexturesToStreamPerFrame:0]]
[2022.04.04-00.59.20:692][  0]LogConfig: Setting CVar [[r.Streaming.Boost:1]]
[2022.04.04-00.59.20:692][  0]LogConfig: Setting CVar [[r.MaxAnisotropy:8]]
[2022.04.04-00.59.20:692][  0]LogConfig: Setting CVar [[r.VT.MaxAnisotropy:8]]
[2022.04.04-00.59.20:692][  0]LogConfig: Setting CVar [[r.Streaming.LimitPoolSizeToVRAM:0]]
[2022.04.04-00.59.20:692][  0]LogConfig: Setting CVar [[r.Streaming.PoolSize:1000]]
[2022.04.04-00.59.20:692][  0]LogConfig: Setting CVar [[r.Streaming.MaxEffectiveScreenSize:0]]
[2022.04.04-00.59.20:692][  0]LogConfig: Applying CVar settings from Section [EffectsQuality@3] File [C:/Users/Jalis/Desktop/UnrealTutorial/Ex_Files_Unreal_Engine_Q3_2020/Exercise Files/UnrealProject/Saved/Config/Windows/Scalability.ini]
[2022.04.04-00.59.20:692][  0]LogConfig: Setting CVar [[r.TranslucencyLightingVolumeDim:64]]
[2022.04.04-00.59.20:692][  0]LogConfig: Setting CVar [[r.RefractionQuality:2]]
[2022.04.04-00.59.20:693][  0]LogConfig: Setting CVar [[r.SSR.Quality:3]]
[2022.04.04-00.59.20:693][  0]LogConfig: Setting CVar [[r.SSR.HalfResSceneColor:0]]
[2022.04.04-00.59.20:693][  0]LogConfig: Setting CVar [[r.SceneColorFormat:4]]
[2022.04.04-00.59.20:693][  0]LogConfig: Setting CVar [[r.DetailMode:2]]
[2022.04.04-00.59.20:693][  0]LogConfig: Setting CVar [[r.TranslucencyVolumeBlur:1]]
[2022.04.04-00.59.20:693][  0]LogConfig: Setting CVar [[r.MaterialQualityLevel:1 ; High quality]]
[2022.04.04-00.59.20:693][  0]LogConfig: Setting CVar [[r.AnisotropicMaterials:1]]
[2022.04.04-00.59.20:693][  0]LogConfig: Setting CVar [[r.SSS.Scale:1]]
[2022.04.04-00.59.20:693][  0]LogConfig: Setting CVar [[r.SSS.SampleSet:2]]
[2022.04.04-00.59.20:693][  0]LogConfig: Setting CVar [[r.SSS.Quality:1]]
[2022.04.04-00.59.20:693][  0]LogConfig: Setting CVar [[r.SSS.HalfRes:0]]
[2022.04.04-00.59.20:693][  0]LogConfig: Setting CVar [[r.SSGI.Quality:3]]
[2022.04.04-00.59.20:693][  0]LogConfig: Setting CVar [[r.EmitterSpawnRateScale:1.0]]
[2022.04.04-00.59.20:693][  0]LogConfig: Setting CVar [[r.ParticleLightQuality:2]]
[2022.04.04-00.59.20:693][  0]LogConfig: Setting CVar [[r.SkyAtmosphere.AerialPerspectiveLUT.FastApplyOnOpaque:1 ; Always have FastSkyLUT 1 in this case to avoid wrong sky]]
[2022.04.04-00.59.20:693][  0]LogConfig: Setting CVar [[r.SkyAtmosphere.AerialPerspectiveLUT.SampleCountMaxPerSlice:4]]
[2022.04.04-00.59.20:693][  0]LogConfig: Setting CVar [[r.SkyAtmosphere.AerialPerspectiveLUT.DepthResolution:16.0]]
[2022.04.04-00.59.20:693][  0]LogConfig: Setting CVar [[r.SkyAtmosphere.FastSkyLUT:1]]
[2022.04.04-00.59.20:693][  0]LogConfig: Setting CVar [[r.SkyAtmosphere.FastSkyLUT.SampleCountMin:4.0]]
[2022.04.04-00.59.20:693][  0]LogConfig: Setting CVar [[r.SkyAtmosphere.FastSkyLUT.SampleCountMax:128.0]]
[2022.04.04-00.59.20:693][  0]LogConfig: Setting CVar [[r.SkyAtmosphere.SampleCountMin:4.0]]
[2022.04.04-00.59.20:693][  0]LogConfig: Setting CVar [[r.SkyAtmosphere.SampleCountMax:128.0]]
[2022.04.04-00.59.20:693][  0]LogConfig: Setting CVar [[r.SkyAtmosphere.TransmittanceLUT.UseSmallFormat:0]]
[2022.04.04-00.59.20:693][  0]LogConfig: Setting CVar [[r.SkyAtmosphere.TransmittanceLUT.SampleCount:10.0]]
[2022.04.04-00.59.20:693][  0]LogConfig: Setting CVar [[r.SkyAtmosphere.MultiScatteringLUT.SampleCount:15.0]]
[2022.04.04-00.59.20:693][  0]LogConfig: Setting CVar [[r.SkyLight.RealTimeReflectionCapture:1]]
[2022.04.04-00.59.20:693][  0]LogConfig: Setting CVar [[fx.Niagara.QualityLevel:3]]
[2022.04.04-00.59.20:693][  0]LogConfig: Applying CVar settings from Section [FoliageQuality@3] File [C:/Users/Jalis/Desktop/UnrealTutorial/Ex_Files_Unreal_Engine_Q3_2020/Exercise Files/UnrealProject/Saved/Config/Windows/Scalability.ini]
[2022.04.04-00.59.20:693][  0]LogConfig: Setting CVar [[foliage.DensityScale:1.0]]
[2022.04.04-00.59.20:693][  0]LogConfig: Setting CVar [[grass.DensityScale:1.0]]
[2022.04.04-00.59.20:693][  0]LogConfig: Applying CVar settings from Section [ShadingQuality@3] File [C:/Users/Jalis/Desktop/UnrealTutorial/Ex_Files_Unreal_Engine_Q3_2020/Exercise Files/UnrealProject/Saved/Config/Windows/Scalability.ini]
[2022.04.04-00.59.20:693][  0]LogConfig: Setting CVar [[r.HairStrands.SkyLighting.IntegrationType:2]]
[2022.04.04-00.59.20:693][  0]LogConfig: Setting CVar [[r.HairStrands.SkyAO.SampleCount:4]]
[2022.04.04-00.59.20:693][  0]LogConfig: Setting CVar [[r.HairStrands.Visibility.MSAA.SamplePerPixel:4]]
[2022.04.04-00.59.20:693][  0]LogConfig: Setting CVar [[r.HairStrands.Interpolation.UseSingleGuide:0]]
[2022.04.04-00.59.20:693][  0]LogConfig: Applying CVar settings from Section [Startup] File [../../../Engine/Config/ConsoleVariables.ini]
[2022.04.04-00.59.20:695][  0]LogConfig: Setting CVar [[net.UseAdaptiveNetUpdateFrequency:0]]
[2022.04.04-00.59.20:695][  0]LogConfig: Setting CVar [[p.chaos.AllowCreatePhysxBodies:1]]
[2022.04.04-00.59.20:695][  0]LogConfig: Setting CVar [[fx.SkipVectorVMBackendOptimizations:1]]
[2022.04.04-00.59.20:695][  0]LogConfig: Applying CVar settings from Section [ConsoleVariables] File [C:/Users/Jalis/Desktop/UnrealTutorial/Ex_Files_Unreal_Engine_Q3_2020/Exercise Files/UnrealProject/Saved/Config/Windows/Engine.ini]
[2022.04.04-00.59.20:695][  0]LogConfig: Applying CVar settings from Section [ConsoleVariables] File [C:/Users/Jalis/Desktop/UnrealTutorial/Ex_Files_Unreal_Engine_Q3_2020/Exercise Files/UnrealProject/Saved/Config/Windows/Editor.ini]
[2022.04.04-00.59.20:710][  0]LogInit: Computer: LAPTOP-81TU5OG1
[2022.04.04-00.59.20:710][  0]LogInit: User: Jalis
[2022.04.04-00.59.20:710][  0]LogInit: CPU Page size=4096, Cores=4
[2022.04.04-00.59.20:710][  0]LogInit: High frequency timer resolution =10.000000 MHz
[2022.04.04-00.59.20:711][  0]LogMemory: Memory total: Physical=7.8GB (8GB approx)
[2022.04.04-00.59.20:711][  0]LogMemory: Platform Memory Stats for Windows
[2022.04.04-00.59.20:711][  0]LogMemory: Process Physical Memory: 148.80 MB used, 148.80 MB peak
[2022.04.04-00.59.20:711][  0]LogMemory: Process Virtual Memory: 117.23 MB used, 117.23 MB peak
[2022.04.04-00.59.20:711][  0]LogMemory: Physical Memory: 7645.60 MB used,  356.34 MB free, 8001.94 MB total
[2022.04.04-00.59.20:711][  0]LogMemory: Virtual Memory: 134211776.00 MB used,  5955.22 MB free, 134217728.00 MB total
[2022.04.04-00.59.20:726][  0]LogWindows: WindowsPlatformFeatures enabled
[2022.04.04-00.59.21:305][  0]LogInit: Physics initialised using underlying interface: PhysX
[2022.04.04-00.59.21:346][  0]LogInit: Using OS detected language (en-US).
[2022.04.04-00.59.21:346][  0]LogInit: Using OS detected locale (en-US).
[2022.04.04-00.59.21:406][  0]LogTextLocalizationManager: No specific localization for 'en-US' exists, so the 'en' localization will be used.
[2022.04.04-00.59.22:316][  0]LogInit: Setting process to per monitor DPI aware
[2022.04.04-00.59.22:366][  0]LogWindowsTextInputMethodSystem: Display: IME system deactivated.
[2022.04.04-00.59.22:493][  0]LogSlate: New Slate User Created.  User Index 0, Is Virtual User: 0
[2022.04.04-00.59.22:493][  0]LogSlate: Slate User Registered.  User Index 0, Is Virtual User: 0
[2022.04.04-00.59.26:959][  0]LogD3D11RHI: Loaded GFSDK_Aftermath_Lib.x64.dll
[2022.04.04-00.59.26:982][  0]LogHMD: Failed to initialize OpenVR with code 110
[2022.04.04-00.59.26:982][  0]LogD3D11RHI: D3D11 min allowed feature level: 11_0
[2022.04.04-00.59.26:982][  0]LogD3D11RHI: D3D11 max allowed feature level: 11_0
[2022.04.04-00.59.26:982][  0]LogD3D11RHI: D3D11 adapters:
[2022.04.04-00.59.27:104][  0]LogD3D11RHI:    0. 'Radeon RX 560X' (Feature Level 11_0)
[2022.04.04-00.59.27:104][  0]LogD3D11RHI:       4077/0/4000 MB DedicatedVideo/DedicatedSystem/SharedSystem, Outputs:1, VendorId:0x1002
[2022.04.04-00.59.27:174][  0]LogD3D11RHI:    1. 'AMD Radeon(TM) Vega 8 Graphics' (Feature Level 11_0)
[2022.04.04-00.59.27:175][  0]LogD3D11RHI:       112/0/4000 MB DedicatedVideo/DedicatedSystem/SharedSystem, Outputs:0, VendorId:0x1002
[2022.04.04-00.59.27:180][  0]LogD3D11RHI:    2. 'Microsoft Basic Render Driver' (Feature Level 11_0)
[2022.04.04-00.59.27:180][  0]LogD3D11RHI:       0/0/4000 MB DedicatedVideo/DedicatedSystem/SharedSystem, Outputs:0, VendorId:0x1414
[2022.04.04-00.59.27:180][  0]LogD3D11RHI: Chosen D3D11 Adapter:
[2022.04.04-00.59.27:180][  0]LogD3D11RHI:     Description : Radeon RX 560X
[2022.04.04-00.59.27:180][  0]LogD3D11RHI:     VendorId    : 1002
[2022.04.04-00.59.27:180][  0]LogD3D11RHI:     DeviceId    : 67ef
[2022.04.04-00.59.27:180][  0]LogD3D11RHI:     SubSysId    : 1eae1043
[2022.04.04-00.59.27:180][  0]LogD3D11RHI:     Revision    : 00e5
[2022.04.04-00.59.27:180][  0]LogD3D11RHI:     DedicatedVideoMemory : 4275740672 bytes
[2022.04.04-00.59.27:180][  0]LogD3D11RHI:     DedicatedSystemMemory : 0 bytes
[2022.04.04-00.59.27:180][  0]LogD3D11RHI:     SharedSystemMemory : 4195321856 bytes
[2022.04.04-00.59.27:180][  0]LogD3D11RHI:     AdapterLuid : 0 52092
[2022.04.04-00.59.27:196][  0]LogD3D11RHI: Creating new Direct3DDevice
[2022.04.04-00.59.27:196][  0]LogD3D11RHI:     GPU DeviceId: 0x67ef (for the marketing name, search the web for "GPU Device Id")
[2022.04.04-00.59.27:196][  0]LogWindows: EnumDisplayDevices:
[2022.04.04-00.59.27:197][  0]LogWindows:    0. 'AMD Radeon(TM) Vega 8 Graphics' (P:1 D:1)
[2022.04.04-00.59.27:197][  0]LogWindows:    1. 'AMD Radeon(TM) Vega 8 Graphics' (P:0 D:0)
[2022.04.04-00.59.27:198][  0]LogWindows:    2. 'AMD Radeon(TM) Vega 8 Graphics' (P:0 D:0)
[2022.04.04-00.59.27:198][  0]LogWindows:    3. 'AMD Radeon(TM) Vega 8 Graphics' (P:0 D:0)
[2022.04.04-00.59.27:199][  0]LogWindows: DebugString: PrimaryIsNotTheChoosenAdapter PrimaryIsNotTheChoosenAdapter PrimaryIsNotTheChoosenAdapter PrimaryIsNotTheChoosenAdapter FoundDriverCount:0 
[2022.04.04-00.59.27:199][  0]LogD3D11RHI:     Adapter Name: Radeon RX 560X
[2022.04.04-00.59.27:199][  0]LogD3D11RHI:   Driver Version: Unknown (internal:Unknown, unified:Unknown)
[2022.04.04-00.59.27:199][  0]LogD3D11RHI:      Driver Date: Unknown
[2022.04.04-00.59.27:199][  0]LogRHI: Texture pool is 2426 MB (70% of 3466 MB)
[2022.04.04-00.59.27:249][  0]LogD3D11RHI: Creating D3DDevice with AMD AGS, using adapter:
[2022.04.04-00.59.27:249][  0]LogD3D11RHI:     Description : Radeon RX 560X
[2022.04.04-00.59.27:249][  0]LogD3D11RHI:     VendorId    : 1002
[2022.04.04-00.59.27:249][  0]LogD3D11RHI:     DeviceId    : 67ef
[2022.04.04-00.59.27:249][  0]LogD3D11RHI:     SubSysId    : 1eae1043
[2022.04.04-00.59.27:249][  0]LogD3D11RHI:     Revision    : 00e5
[2022.04.04-00.59.27:249][  0]LogD3D11RHI:     DedicatedVideoMemory : 4275740672 bytes
[2022.04.04-00.59.27:249][  0]LogD3D11RHI:     DedicatedSystemMemory : 0 bytes
[2022.04.04-00.59.27:249][  0]LogD3D11RHI:     SharedSystemMemory : 4195321856 bytes
[2022.04.04-00.59.27:249][  0]LogD3D11RHI:     AdapterLuid : 0 52092
[2022.04.04-00.59.27:361][  0]LogD3D11RHI: Created device via AGS, feature level 11_0, supported extensions ffffbf.
[2022.04.04-00.59.27:361][  0]LogD3D11RHI: RHI does not have support for 64 bit atomics
[2022.04.04-00.59.27:362][  0]LogD3D11RHI: Async texture creation enabled
[2022.04.04-00.59.27:362][  0]LogD3D11RHI: Array index from any shader is supported
[2022.04.04-00.59.27:450][  0]LogD3D11RHI: GPU Timing Frequency: 25.000000 (Debug: 2 1)
[2022.04.04-00.59.28:603][  0]LogTargetPlatformManager: Display: Loaded TargetPlatform 'AllDesktop'
[2022.04.04-00.59.28:681][  0]LogTargetPlatformManager: Display: Loaded TargetPlatform 'Android'
[2022.04.04-00.59.28:681][  0]LogTargetPlatformManager: Display: Loaded TargetPlatform 'Android_ASTC'
[2022.04.04-00.59.28:681][  0]LogTargetPlatformManager: Display: Loaded TargetPlatform 'Android_DXT'
[2022.04.04-00.59.28:681][  0]LogTargetPlatformManager: Display: Loaded TargetPlatform 'Android_ETC2'
[2022.04.04-00.59.28:681][  0]LogTargetPlatformManager: Display: Loaded TargetPlatform 'AndroidClient'
[2022.04.04-00.59.28:681][  0]LogTargetPlatformManager: Display: Loaded TargetPlatform 'Android_ASTCClient'
[2022.04.04-00.59.28:681][  0]LogTargetPlatformManager: Display: Loaded TargetPlatform 'Android_DXTClient'
[2022.04.04-00.59.28:681][  0]LogTargetPlatformManager: Display: Loaded TargetPlatform 'Android_ETC2Client'
[2022.04.04-00.59.28:681][  0]LogTargetPlatformManager: Display: Loaded TargetPlatform 'Android_Multi'
[2022.04.04-00.59.28:681][  0]LogTargetPlatformManager: Display: Loaded TargetPlatform 'Android_MultiClient'
[2022.04.04-00.59.28:798][  0]LogTargetPlatformManager: Display: Loaded TargetPlatform 'IOSClient'
[2022.04.04-00.59.28:798][  0]LogTargetPlatformManager: Display: Loaded TargetPlatform 'IOS'
[2022.04.04-00.59.28:849][  0]LogTargetPlatformManager: Display: Loaded TargetPlatform 'Linux'
[2022.04.04-00.59.28:881][  0]LogTargetPlatformManager: Display: Loaded TargetPlatform 'LinuxNoEditor'
[2022.04.04-00.59.28:917][  0]LogTargetPlatformManager: Display: Loaded TargetPlatform 'LinuxClient'
[2022.04.04-00.59.28:951][  0]LogTargetPlatformManager: Display: Loaded TargetPlatform 'LinuxServer'
[2022.04.04-00.59.28:997][  0]LogTargetPlatformManager: Display: Loaded TargetPlatform 'LinuxAArch64NoEditor'
[2022.04.04-00.59.29:028][  0]LogTargetPlatformManager: Display: Loaded TargetPlatform 'LinuxAArch64Client'
[2022.04.04-00.59.29:060][  0]LogTargetPlatformManager: Display: Loaded TargetPlatform 'LinuxAArch64Server'
[2022.04.04-00.59.29:140][  0]LogTargetPlatformManager: Display: Loaded TargetPlatform 'Lumin'
[2022.04.04-00.59.29:140][  0]LogTargetPlatformManager: Display: Loaded TargetPlatform 'LuminClient'
[2022.04.04-00.59.29:181][  0]LogTargetPlatformManager: Display: Loaded TargetPlatform 'MacNoEditor'
[2022.04.04-00.59.29:215][  0]LogTargetPlatformManager: Display: Loaded TargetPlatform 'Mac'
[2022.04.04-00.59.29:248][  0]LogTargetPlatformManager: Display: Loaded TargetPlatform 'MacClient'
[2022.04.04-00.59.29:285][  0]LogTargetPlatformManager: Display: Loaded TargetPlatform 'MacServer'
[2022.04.04-00.59.29:326][  0]LogTargetPlatformManager: Display: Loaded TargetPlatform 'TVOSClient'
[2022.04.04-00.59.29:326][  0]LogTargetPlatformManager: Display: Loaded TargetPlatform 'TVOS'
[2022.04.04-00.59.29:369][  0]LogTargetPlatformManager: Display: Loaded TargetPlatform 'WindowsNoEditor'
[2022.04.04-00.59.29:403][  0]LogTargetPlatformManager: Display: Loaded TargetPlatform 'Windows'
[2022.04.04-00.59.29:437][  0]LogTargetPlatformManager: Display: Loaded TargetPlatform 'WindowsClient'
[2022.04.04-00.59.29:469][  0]LogTargetPlatformManager: Display: Loaded TargetPlatform 'WindowsServer'
[2022.04.04-00.59.29:470][  0]LogTargetPlatformManager: Display: Building Assets For Windows
[2022.04.04-00.59.29:606][  0]LogAudioDebug: Display: Lib vorbis DLL was dynamically loaded.
[2022.04.04-00.59.29:979][  0]LogTextureFormatOodle: Display: Oodle Texture 2.9.0 init RDO Off
[2022.04.04-00.59.30:453][  0]LogRendererCore: Ray tracing is disabled. Reason: not supported by current RHI.
[2022.04.04-00.59.30:457][  0]LogShaderCompilers: Guid format shader working directory is -66 characters bigger than the processId version (../../../../../../Users/Jalis/Desktop/UnrealTutorial/Ex_Files_Unreal_Engine_Q3_2020/Exercise Files/UnrealProject/Intermediate/Shaders/WorkingDirectory/5272/).
[2022.04.04-00.59.30:457][  0]LogShaderCompilers: Cleaned the shader compiler working directory 'C:/Users/Jalis/AppData/Local/Temp/UnrealShaderWorkingDir/0E362B6B4B5ECB01E76031B44D0D193C/'.
[2022.04.04-00.59.30:459][  0]LogXGEController: Cannot use XGE Controller as Incredibuild is not installed on this machine.
[2022.04.04-00.59.30:460][  0]LogShaderCompilers: Cannot use XGE Shader Compiler as Incredibuild is not installed on this machine.
[2022.04.04-00.59.30:460][  0]LogShaderCompilers: Display: Using Local Shader Compiler.
[2022.04.04-00.59.36:368][  0]LogDerivedDataCache: Display: Max Cache Size: 512 MB
[2022.04.04-00.59.36:592][  0]LogDerivedDataCache: Loaded boot cache 0.22s 94MB C:/Users/Jalis/AppData/Local/UnrealEngine/4.27/DerivedDataCache/Boot.ddc.
[2022.04.04-00.59.36:592][  0]LogDerivedDataCache: Display: Loaded Boot cache: C:/Users/Jalis/AppData/Local/UnrealEngine/4.27/DerivedDataCache/Boot.ddc
[2022.04.04-00.59.36:593][  0]LogDerivedDataCache: FDerivedDataBackendGraph:  Pak pak cache file ../../../../../../Users/Jalis/Desktop/UnrealTutorial/Ex_Files_Unreal_Engine_Q3_2020/Exercise Files/UnrealProject/DerivedDataCache/DDC.ddp not found, will not use a pak cache.
[2022.04.04-00.59.36:593][  0]LogDerivedDataCache: Unable to find inner node Pak for hierarchical cache Hierarchy.
[2022.04.04-00.59.36:593][  0]LogDerivedDataCache: FDerivedDataBackendGraph:  CompressedPak pak cache file ../../../../../../Users/Jalis/Desktop/UnrealTutorial/Ex_Files_Unreal_Engine_Q3_2020/Exercise Files/UnrealProject/DerivedDataCache/Compressed.ddp not found, will not use a pak cache.
[2022.04.04-00.59.36:593][  0]LogDerivedDataCache: Unable to find inner node CompressedPak for hierarchical cache Hierarchy.
[2022.04.04-00.59.36:643][  0]LogDerivedDataCache: Display: Pak cache opened for reading ../../../Engine/DerivedDataCache/Compressed.ddp.
[2022.04.04-00.59.36:643][  0]LogDerivedDataCache: FDerivedDataBackendGraph:  EnterprisePak pak cache file ../../../Enterprise/DerivedDataCache/Compressed.ddp not found, will not use a pak cache.
[2022.04.04-00.59.36:643][  0]LogDerivedDataCache: Unable to find inner node EnterprisePak for hierarchical cache Hierarchy.
[2022.04.04-00.59.36:685][  0]LogDerivedDataCache: Speed tests for C:/Users/Jalis/AppData/Local/UnrealEngine/Common/DerivedDataCache took 0.04 seconds
[2022.04.04-00.59.36:685][  0]LogDerivedDataCache: Display: Performance to C:/Users/Jalis/AppData/Local/UnrealEngine/Common/DerivedDataCache: Latency=0.40ms. RandomReadSpeed=53.99MBs, RandomWriteSpeed=47.79MBs. Assigned SpeedClass 'Local'
[2022.04.04-00.59.36:687][  0]LogDerivedDataCache: Using Local data cache path C:/Users/Jalis/AppData/Local/UnrealEngine/Common/DerivedDataCache: Writable
[2022.04.04-00.59.36:687][  0]LogDerivedDataCache: Shared data cache path not found in *engine.ini, will not use an Shared cache.
[2022.04.04-00.59.36:687][  0]LogDerivedDataCache: Unable to find inner node Shared for hierarchical cache Hierarchy.
[2022.04.04-00.59.37:746][  0]LogShaderCompilers: Display: Submitted 602 shader compile jobs with 'High' priority
[2022.04.04-00.59.37:759][  0]LogShaderCompilers: Display: Worker (1/5): shaders left to compile 602
[2022.04.04-00.59.37:759][  0]LogShaderCompilers: Display: Worker (2/5): shaders left to compile 592
[2022.04.04-00.59.37:759][  0]LogShaderCompilers: Display: Worker (3/5): shaders left to compile 582
[2022.04.04-00.59.37:759][  0]LogShaderCompilers: Display: Worker (4/5): shaders left to compile 572
[2022.04.04-00.59.37:759][  0]LogShaderCompilers: Display: Worker (5/5): shaders left to compile 562
[2022.04.04-00.59.37:759][  0]LogShaderCompilers: Display: Started 50 'Local' shader compile jobs with 'High' priority
[2022.04.04-00.59.37:759][  0]LogSlate: Using FreeType 2.10.0
[2022.04.04-00.59.37:796][  0]LogSlate: SlateFontServices - WITH_FREETYPE: 1, WITH_HARFBUZZ: 1
[2022.04.04-00.59.37:934][  0]LogAssetRegistry: FAssetRegistry took 0.0155 seconds to start up
[2022.04.04-00.59.39:127][  0]LogInit: Selected Device Profile: [Windows]
[2022.04.04-00.59.39:127][  0]LogInit: Active device profile: [0000015E1C62B800][0000015E172344C0 49] Windows
[2022.04.04-00.59.39:127][  0]LogInit: Profiles: [0000015E1C62B800][0000015E172344C0 49] Windows, [0000015E1C5F0800][0000015E1A590740 49] WindowsNoEditor, [0000015E1C628800][0000015E1A5949C0 49] WindowsServer, [0000015E1C5F3400][0000015E1A59CC80 49] WindowsClient, [0000015E1C62B300][0000015E1A5A0F40 49] IOS, [0000015E1C5F0F00][0000015E1A5A5200 49] iPadAir, [0000015E1C628E00][0000015E1A5A94C0 49] iPadAir2, [0000015E1C59C400][0000015E1A5BDA00 49] IPadPro, [0000015E1C59C500][0000015E1A5ADA40 49] iPadAir3, [0000015E1C62AE00][0000015E1A5B4180 49] iPadAir4, [0000015E1C59F500][0000015E1A5B0440 49] iPadMini2, [0000015E1C628F00][0000015E1A5B8700 49] iPadMini3, [0000015E1C59D600][0000015E1A598980 49] iPadMini4, [0000015E1C62A900][0000015E1A5C0C00 49] iPadMini5, [0000015E1C59BC00][0000015E1A5D9140 49] iPhone6, [0000015E1C59BD00][0000015E1A5C9180 49] iPodTouch6, [0000015E1C59F100][0000015E1CB556C0 49] iPhone7, [0000015E1C59EE00][0000015E1A5D1700 49] iPodTouch7, [0000015E1C598E00][0000015E1A5D59C0 49] iPhone5S, [0000015E1C59E700][0000015E1A5CC100 49] iPhone6Plus, [0000015E1C59AF00][0000015E1CB503C0 49] iPhone6S, [0000015E1C59F700][0000015E1CB58680 49] iPhone6SPlus, [0000015E1C599300][0000015E1CB5C940 49] iPhone7Plus, [0000015E1C59E200][0000015E1A5C4BC0 49] iPhoneSE, [0000015E1C59AA00][0000015E1CB60E40 49] iPhone8, [0000015E1C59D000][0000015E1CB69100 49] iPhone8Plus, [0000015E1C599800][0000015E1CB6D3C0 49] iPhoneX, [0000015E1C59DF00][0000015E1CB71680 49] iPhoneXS, [0000015E1C59A500][0000015E1CB75940 49] iPhoneXSMax, [0000015E1C59C900][0000015E1CB79C00 49] iPhoneXR, [0000015E1C59B300][0000015E1CB7C340 49] iPhone11, [0000015E1C59DD00][0000015E1CB80600 49] iPhone11Pro, [0000015E1C59A400][0000015E1CB848C0 49] iPhone11ProMax, [0000015E1C59F900][0000015E1CB88B80 49] iPhoneSE2, [0000015E1C599500][0000015E1CB64E00 49] iPhone12Mini, [0000015E1C59DB00][0000015E1CB910C0 49] iPhone12, [0000015E1C598D00][0000015E1CB95380 49] iPhone12Pro, [0000015E1C59D700][0000015E1CB99640 49] iPhone12ProMax, [0000015E1C599F00][0000015E1CB9D900 49] iPadPro105, [0000015E1C59E000][0000015E1CBA1BC0 49] iPadPro129, [0000015E1C59A100][0000015E1CBA4300 49] iPadPro97, [0000015E1C59CD00][0000015E1CBA85C0 49] iPadPro2_129, [0000015E1C599E00][0000015E1CBAC880 49] iPad5, [0000015E1C59D400][0000015E1CBB0B40 49] iPad6, [0000015E1C59A200][0000015E1CB8CDC0 49] iPad7, [0000015E1C59DC00][0000015E1CBB5040 49] iPad8, [0000015E1C599600][0000015E1CBBD300 49] iPadPro11, [0000015E1C59E600][0000015E1CBC15C0 49] iPadPro2_11, [0000015E1C599400][0000015E1CBC5880 49] iPadPro3_129, [0000015E1C59FA00][0000015E1CBC9B40 49] iPadPro4_129, [0000015E1C59B500][0000015E1CBCC280 49] AppleTV, [0000015E1C59F600][0000015E1CBD0540 49] AppleTV4K, [0000015E1C598500][0000015E1CBD4800 49] TVOS, [0000015E1C59EA00][0000015E1CBD8AC0 49] Mac, [0000015E1C599900][0000015E1CBDCD80 49] MacClient, [0000015E1C59CC00][0000015E1CBB9000 49] MacNoEditor, [0000015E1C59A800][0000015E1CBE1280 49] MacServer, [0000015E1C59E100][0000015E1CBE9540 49] Linux, [0000015E1C598900][0000015E1CBED800 49] LinuxAArch64, [0000015E1C59C100][0000015E1CBF1AC0 49] LinuxNoEditor, [0000015E1C59A300][0000015E1CBF4200 49] LinuxAArch64NoEditor, [0000015E1C59E500][0000015E1CBF84C0 49] LinuxClient, [0000015E1C59B000][0000015E1CBFC780 49] LinuxAArch64Client, [0000015E1C59E400][0000015E1CC00A40 49] LinuxServer, [0000015E1C59A900][0000015E1CC04D00 49] LinuxAArch64Server, [0000015E1C67C300][0000015E1CC08FC0 49] Android, [0000015E1C5F2500][0000015E1CBE5240 49] Android_Low, [0000015E1C67D000][0000015E1CC0D4C0 49] Android_Mid, [0000015E1C5F3700][0000015E1CC15780 49] Android_High, [0000015E1C67CD00][0000015E1CC19A40 49] Android_Default, [0000015E1C5F0E00][0000015E1CC1C180 49] Android_Adreno4xx, [0000015E1C67DA00][0000015E1CC20440 49] Android_Adreno5xx_Low, [0000015E1C5F1C00][0000015E1CC24700 49] Android_Adreno5xx, [0000015E1C67D900][0000015E1CC289C0 49] Android_Adreno6xx, [0000015E1C5F3F00][0000015E1CC2CC80 49] Android_Adreno6xx_Vulkan, [0000015E1C67D600][0000015E1CC30F40 49] Android_Mali_T6xx, [0000015E1C5F2C00][0000015E1CC35200 49] Android_Mali_T7xx, [0000015E1C67CF00][0000015E1CC11480 49] Android_Mali_T8xx, [0000015E1C5F1000][0000015E1CC39700 49] Android_Mali_G71, [0000015E1C67C800][0000015E1CC419C0 49] Android_Mali_G72, [0000015E1C5F3600][0000015E1CC44100 49] Android_Mali_G72_Vulkan, [0000015E1C67D300][0000015E1CC483C0 49] Android_Mali_G76, [0000015E1C5F1400][0000015E1CC4C680 49] Android_Mali_G76_Vulkan, [0000015E1C67C700][0000015E1CC50940 49] Android_Mali_G77, [0000015E1C5F2A00][0000015E1CC54C00 49] Android_Mali_G77_Vulkan, [0000015E1C67DD00][0000015E1CC58EC0 49] Android_Mali_G78, [0000015E1C5F0700][0000015E1CC5D180 49] Android_Mali_G78_Vulkan, [0000015E1C67D200][0000015E1CC61440 49] Android_Mali_G710, [0000015E1C5F3300][0000015E1CC3D6C0 49] Android_Mali_G710_Vulkan, [0000015E1C67E400][0000015E1CC65940 49] Android_Vulkan_SM5, [0000015E1C5F0600][0000015E1CC6DC00 49] Android_PowerVR_G6xxx, [0000015E1C598400][0000015E1CC70340 49] Android_PowerVR_GT7xxx, [0000015E1C59FF00][0000015E1CC74600 49] Android_PowerVR_GE8xxx, [0000015E1C59B400][0000015E1CC788C0 49] Android_PowerVR_GM9xxx, [0000015E1C59F200][0000015E1CC7CB80 49] Android_PowerVR_GM9xxx_Vulkan, [0000015E1C599C00][0000015E1CC80E40 49] Android_TegraK1, [0000015E1C59F400][0000015E1CC85100 49] Android_Unknown_Vulkan, [0000015E1C598100][0000015E1CC893C0 49] Lumin, [0000015E1C59FD00][0000015E1CC8D680 49] Lumin_Desktop, [0000015E1C59B900][0000015E1CC69900 49] HoloLens, 
[2022.04.04-00.59.39:572][  0]LogMaterial: Display: Missing cached shadermap for WorldGridMaterial in PCD3D_SM5, Default, SM5 (DDC key hash: CCD85C8D4059616C09840B3775366DA78B6D5300), compiling. Is special engine material.
[2022.04.04-00.59.41:926][  0]LogShaderCompilers: Display: Submitted 1421 shader compile jobs with 'High' priority
